<?xml version="1.0" encoding="UTF-8"?>
<!-- Generated by org.testng.reporters.JUnitXMLReporter -->
<testsuite ignored="0" hostname="Marshal-Marsh" failures="0" tests="5" name="Test" time="15.867" errors="0" timestamp="2024-10-16T23:33:45 IST">
  <testcase classname="com.scripts.BasicTest" name="enterLoginForm" time="1.315"/>
  <testcase classname="com.scripts.BasicTest" name="doLogin" time="4.428"/>
  <testcase classname="com.scripts.BasicTest" name="productsPage" time="0.045"/>
  <testcase classname="com.scripts.BasicTest" name="goToCart" time="2.685"/>
  <testcase classname="com.scripts.BasicTest" name="performCartOperation" time="3.241"/>
</testsuite> <!-- Test -->
